Cargo.lock
Cargo.toml
rust.out
src
target
unix.out

./src:
main.rs

./target:
CACHEDIR.TAG
debug

./target/debug:
build
deps
examples
incremental
rust_ls
rust_ls.d

./target/debug/build:
indexmap-bda339d9545f7e9f
indexmap-d3139211af06d2db
libc-4c770896ac2de0ae
libc-59570ab9b9b59c5c
libc-6341648aa34e6e7e
libc-9b180bf7b5b2e059

./target/debug/build/indexmap-bda339d9545f7e9f:
invoked.timestamp
out
output
root-output
stderr

./target/debug/build/indexmap-bda339d9545f7e9f/out:

./target/debug/build/indexmap-d3139211af06d2db:
build-script-build
build_script_build-d3139211af06d2db
build_script_build-d3139211af06d2db.d

./target/debug/build/libc-4c770896ac2de0ae:
invoked.timestamp
out
output
root-output
stderr

./target/debug/build/libc-4c770896ac2de0ae/out:

./target/debug/build/libc-59570ab9b9b59c5c:
invoked.timestamp
out
output
root-output
stderr

./target/debug/build/libc-59570ab9b9b59c5c/out:

./target/debug/build/libc-6341648aa34e6e7e:
build-script-build
build_script_build-6341648aa34e6e7e
build_script_build-6341648aa34e6e7e.d

./target/debug/build/libc-9b180bf7b5b2e059:
build-script-build
build_script_build-9b180bf7b5b2e059
build_script_build-9b180bf7b5b2e059.d

./target/debug/deps:
atty-3d70cbe487f7e52b.atty.90ae36afed53f8bb-cgu.0.rcgu.o
atty-3d70cbe487f7e52b.d
atty-ac39f87fec8d178b.atty.c3eb18b438752434-cgu.0.rcgu.o
atty-ac39f87fec8d178b.d
atty-b0990728a91f9e56.d
atty-b3f9933666195d11.d
autocfg-78e372619f261209.d
bitflags-2803c1c7b16f7108.d
bitflags-efb82dafe6ed53f6.bitflags.f2f8af48eba290e5-cgu.0.rcgu.o
bitflags-efb82dafe6ed53f6.d
clap-42ce178a400294ee.clap.65ac193e21e10eb6-cgu.00.rcgu.o
clap-42ce178a400294ee.clap.65ac193e21e10eb6-cgu.01.rcgu.o
clap-42ce178a400294ee.clap.65ac193e21e10eb6-cgu.02.rcgu.o
clap-42ce178a400294ee.clap.65ac193e21e10eb6-cgu.03.rcgu.o
clap-42ce178a400294ee.clap.65ac193e21e10eb6-cgu.04.rcgu.o
clap-42ce178a400294ee.clap.65ac193e21e10eb6-cgu.05.rcgu.o
clap-42ce178a400294ee.clap.65ac193e21e10eb6-cgu.06.rcgu.o
clap-42ce178a400294ee.clap.65ac193e21e10eb6-cgu.07.rcgu.o
clap-42ce178a400294ee.clap.65ac193e21e10eb6-cgu.08.rcgu.o
clap-42ce178a400294ee.clap.65ac193e21e10eb6-cgu.09.rcgu.o
clap-42ce178a400294ee.clap.65ac193e21e10eb6-cgu.10.rcgu.o
clap-42ce178a400294ee.clap.65ac193e21e10eb6-cgu.11.rcgu.o
clap-42ce178a400294ee.clap.65ac193e21e10eb6-cgu.12.rcgu.o
clap-42ce178a400294ee.clap.65ac193e21e10eb6-cgu.13.rcgu.o
clap-42ce178a400294ee.clap.65ac193e21e10eb6-cgu.14.rcgu.o
clap-42ce178a400294ee.clap.65ac193e21e10eb6-cgu.15.rcgu.o
clap-42ce178a400294ee.d
clap-5036b00b62db9c46.clap.38ed6d143cdc0788-cgu.00.rcgu.o
clap-5036b00b62db9c46.clap.38ed6d143cdc0788-cgu.01.rcgu.o
clap-5036b00b62db9c46.clap.38ed6d143cdc0788-cgu.02.rcgu.o
clap-5036b00b62db9c46.clap.38ed6d143cdc0788-cgu.03.rcgu.o
clap-5036b00b62db9c46.clap.38ed6d143cdc0788-cgu.04.rcgu.o
clap-5036b00b62db9c46.clap.38ed6d143cdc0788-cgu.05.rcgu.o
clap-5036b00b62db9c46.clap.38ed6d143cdc0788-cgu.06.rcgu.o
clap-5036b00b62db9c46.clap.38ed6d143cdc0788-cgu.07.rcgu.o
clap-5036b00b62db9c46.clap.38ed6d143cdc0788-cgu.08.rcgu.o
clap-5036b00b62db9c46.clap.38ed6d143cdc0788-cgu.09.rcgu.o
clap-5036b00b62db9c46.clap.38ed6d143cdc0788-cgu.10.rcgu.o
clap-5036b00b62db9c46.clap.38ed6d143cdc0788-cgu.11.rcgu.o
clap-5036b00b62db9c46.clap.38ed6d143cdc0788-cgu.12.rcgu.o
clap-5036b00b62db9c46.clap.38ed6d143cdc0788-cgu.13.rcgu.o
clap-5036b00b62db9c46.clap.38ed6d143cdc0788-cgu.14.rcgu.o
clap-5036b00b62db9c46.clap.38ed6d143cdc0788-cgu.15.rcgu.o
clap-5036b00b62db9c46.d
clap-524c63525957a1f7.d
clap-c3535a51ad241865.d
clap_lex-30f395687a8d985e.d
clap_lex-73819af445c1bd91.clap_lex.b8e3ad05b887a4ab-cgu.0.rcgu.o
clap_lex-73819af445c1bd91.clap_lex.b8e3ad05b887a4ab-cgu.1.rcgu.o
clap_lex-73819af445c1bd91.d
hashbrown-7c1ee9e4c6579cd2.d
hashbrown-7c1ee9e4c6579cd2.hashbrown.98d12ea9d8745fa7-cgu.0.rcgu.o
hashbrown-a5aa1be9473effa3.d
indexmap-2425285886118ecb.d
indexmap-ce7788e66c6bb86e.d
indexmap-ce7788e66c6bb86e.indexmap.94a3153d87c993ca-cgu.0.rcgu.o
libatty-3d70cbe487f7e52b.rlib
libatty-3d70cbe487f7e52b.rmeta
libatty-ac39f87fec8d178b.rlib
libatty-ac39f87fec8d178b.rmeta
libatty-b0990728a91f9e56.rmeta
libatty-b3f9933666195d11.rmeta
libautocfg-78e372619f261209.rlib
libautocfg-78e372619f261209.rmeta
libbitflags-2803c1c7b16f7108.rmeta
libbitflags-efb82dafe6ed53f6.rlib
libbitflags-efb82dafe6ed53f6.rmeta
libc-39126bd70556e875.d
libc-3ffa0c5187659c9e.d
libc-65abc93ff8a8aa28.d
libc-65abc93ff8a8aa28.libc.35c540ef18dd2f9d-cgu.0.rcgu.o
libc-c7231a5447b9cb3e.d
libc-c7231a5447b9cb3e.libc.201edfe74a93cc25-cgu.0.rcgu.o
libclap-42ce178a400294ee.rlib
libclap-42ce178a400294ee.rmeta
libclap-5036b00b62db9c46.rlib
libclap-5036b00b62db9c46.rmeta
libclap-524c63525957a1f7.rmeta
libclap-c3535a51ad241865.rmeta
libclap_lex-30f395687a8d985e.rmeta
libclap_lex-73819af445c1bd91.rlib
libclap_lex-73819af445c1bd91.rmeta
libhashbrown-7c1ee9e4c6579cd2.rlib
libhashbrown-7c1ee9e4c6579cd2.rmeta
libhashbrown-a5aa1be9473effa3.rmeta
libindexmap-2425285886118ecb.rmeta
libindexmap-ce7788e66c6bb86e.rlib
libindexmap-ce7788e66c6bb86e.rmeta
liblibc-39126bd70556e875.rmeta
liblibc-3ffa0c5187659c9e.rmeta
liblibc-65abc93ff8a8aa28.rlib
liblibc-65abc93ff8a8aa28.rmeta
liblibc-c7231a5447b9cb3e.rlib
liblibc-c7231a5447b9cb3e.rmeta
libos_str_bytes-7330e7bc802bc593.rmeta
libos_str_bytes-f9166e514b002f37.rlib
libos_str_bytes-f9166e514b002f37.rmeta
librust_ls-229cf62a334e1b1d.rmeta
librust_ls-32cad442599031c6.rmeta
librust_ls-427d1ca5d22d6bce.rmeta
librust_ls-80a2f67afc5b41da.rmeta
librust_ls-b6e46340b94c1832.rmeta
librust_ls-d45ac5a4291425a1.rmeta
librust_ls-d8a9e1ff85e1078b.rmeta
librust_ls-faacb29819523a63.rmeta
libstrsim-994749aea14a2f32.rlib
libstrsim-994749aea14a2f32.rmeta
libstrsim-befa1d6ae1d06d6a.rmeta
libterm_size-45319c565ffd1bbf.rlib
libterm_size-45319c565ffd1bbf.rmeta
libterm_size-6870b53670c0a9e2.rmeta
libtermcolor-12cad62eccd69848.rmeta
libtermcolor-c40a6fd076bafc14.rlib
libtermcolor-c40a6fd076bafc14.rmeta
libtextwrap-6b46d13112920d2b.rmeta
libtextwrap-eb380363cbab3d9b.rlib
libtextwrap-eb380363cbab3d9b.rmeta
os_str_bytes-7330e7bc802bc593.d
os_str_bytes-f9166e514b002f37.d
os_str_bytes-f9166e514b002f37.os_str_bytes.28d39a2dd1464dd7-cgu.0.rcgu.o
rust_ls-229cf62a334e1b1d.d
rust_ls-32cad442599031c6.d
rust_ls-427d1ca5d22d6bce.d
rust_ls-461699d6d6b348a3
rust_ls-461699d6d6b348a3.131i5x1qaukj5nqc.rcgu.o
rust_ls-461699d6d6b348a3.18iuzvcgwqbpk2af.rcgu.o
rust_ls-461699d6d6b348a3.1h2to7jlo5li86zi.rcgu.o
rust_ls-461699d6d6b348a3.1laez75z0ew4p76p.rcgu.o
rust_ls-461699d6d6b348a3.1ub62qag3c8wgfra.rcgu.o
rust_ls-461699d6d6b348a3.1xnyc6elljmiwksm.rcgu.o
rust_ls-461699d6d6b348a3.1y8igbgsc68m84ud.rcgu.o
rust_ls-461699d6d6b348a3.24n36dov2z8ii593.rcgu.o
rust_ls-461699d6d6b348a3.26xv7usv5m07glo3.rcgu.o
rust_ls-461699d6d6b348a3.287n6sjk5t991sda.rcgu.o
rust_ls-461699d6d6b348a3.2cnz5rwx5ru4zzj2.rcgu.o
rust_ls-461699d6d6b348a3.2dx9jsygsle2oxi6.rcgu.o
rust_ls-461699d6d6b348a3.2egc2io7epedtaal.rcgu.o
rust_ls-461699d6d6b348a3.2eoz7f7pf1h052qc.rcgu.o
rust_ls-461699d6d6b348a3.2nptrnpqdt281i1x.rcgu.o
rust_ls-461699d6d6b348a3.2ud9af4pjaft5l5s.rcgu.o
rust_ls-461699d6d6b348a3.2ztcb3c9wvgm7w0t.rcgu.o
rust_ls-461699d6d6b348a3.34ps05k3wo4ggf0e.rcgu.o
rust_ls-461699d6d6b348a3.34z4sqkzpjm9kf3x.rcgu.o
rust_ls-461699d6d6b348a3.362q2ocxew7st76j.rcgu.o
rust_ls-461699d6d6b348a3.393rw3rjjh7b4a43.rcgu.o
rust_ls-461699d6d6b348a3.39qsmmi5ni5nmsmj.rcgu.o
rust_ls-461699d6d6b348a3.3aaiumc6mqvc40in.rcgu.o
rust_ls-461699d6d6b348a3.3i3yksd374cutwd1.rcgu.o
rust_ls-461699d6d6b348a3.3qhwszlr8ywwwivw.rcgu.o
rust_ls-461699d6d6b348a3.3v1400s8mbifkjyc.rcgu.o
rust_ls-461699d6d6b348a3.3xjg2wusrvzemyx0.rcgu.o
rust_ls-461699d6d6b348a3.4152riihll36m0ye.rcgu.o
rust_ls-461699d6d6b348a3.44krpwvy6lrj2llb.rcgu.o
rust_ls-461699d6d6b348a3.454isrpsdpe7sq6h.rcgu.o
rust_ls-461699d6d6b348a3.46lbnl14lxce67t5.rcgu.o
rust_ls-461699d6d6b348a3.4dos2qijec24wgs5.rcgu.o
rust_ls-461699d6d6b348a3.4gek134c263t5z9f.rcgu.o
rust_ls-461699d6d6b348a3.4i27sjs5llr0pr91.rcgu.o
rust_ls-461699d6d6b348a3.4kdpegz0yzml0h54.rcgu.o
rust_ls-461699d6d6b348a3.4njuutfak9lbude5.rcgu.o
rust_ls-461699d6d6b348a3.4q3dvsjs1cloohsi.rcgu.o
rust_ls-461699d6d6b348a3.4su9qg01dxiaamry.rcgu.o
rust_ls-461699d6d6b348a3.4wjbhd2a711ytmbj.rcgu.o
rust_ls-461699d6d6b348a3.51fcl3di30rvqfkw.rcgu.o
rust_ls-461699d6d6b348a3.536av4sj69oh4qw.rcgu.o
rust_ls-461699d6d6b348a3.5a3zefe34xxvp1wu.rcgu.o
rust_ls-461699d6d6b348a3.5c1ohjft4zfe4dc9.rcgu.o
rust_ls-461699d6d6b348a3.5d0ihwig49yjk9g.rcgu.o
rust_ls-461699d6d6b348a3.5fts9rkaqbg3n2lz.rcgu.o
rust_ls-461699d6d6b348a3.b3xzttzx9uhyk16.rcgu.o
rust_ls-461699d6d6b348a3.c8puzzgrei6ufua.rcgu.o
rust_ls-461699d6d6b348a3.d
rust_ls-461699d6d6b348a3.kappe67h8b3m7px.rcgu.o
rust_ls-461699d6d6b348a3.ko7l7cthvlh3n55.rcgu.o
rust_ls-461699d6d6b348a3.xfk3ibqrctrdf22.rcgu.o
rust_ls-80a2f67afc5b41da.d
rust_ls-9d794ac47e1d657b
rust_ls-9d794ac47e1d657b.13dd1w5j4vsasa16.rcgu.o
rust_ls-9d794ac47e1d657b.14t31qmg7jocg240.rcgu.o
rust_ls-9d794ac47e1d657b.167bt9hssdq96jun.rcgu.o
rust_ls-9d794ac47e1d657b.17uxkp8pe49g9uj9.rcgu.o
rust_ls-9d794ac47e1d657b.1ap2p1o9s96v6t83.rcgu.o
rust_ls-9d794ac47e1d657b.1gcfcb9ssoqaihkr.rcgu.o
rust_ls-9d794ac47e1d657b.1gybm57afuxil7ey.rcgu.o
rust_ls-9d794ac47e1d657b.1ni3xzr2fh8z346f.rcgu.o
rust_ls-9d794ac47e1d657b.1omv10lxixq5ey28.rcgu.o
rust_ls-9d794ac47e1d657b.1s9zew37y942f066.rcgu.o
rust_ls-9d794ac47e1d657b.1sj1gzvcos3ini2d.rcgu.o
rust_ls-9d794ac47e1d657b.1zrisvc3dhnptq3b.rcgu.o
rust_ls-9d794ac47e1d657b.2027gpa09wm5ou87.rcgu.o
rust_ls-9d794ac47e1d657b.21ynr1nr5yb6u38f.rcgu.o
rust_ls-9d794ac47e1d657b.2bvxoi2uooqe861t.rcgu.o
rust_ls-9d794ac47e1d657b.2ejky29kah5b3eio.rcgu.o
rust_ls-9d794ac47e1d657b.2fw1hcegyyueivys.rcgu.o
rust_ls-9d794ac47e1d657b.2g39qewo3ntpe6oh.rcgu.o
rust_ls-9d794ac47e1d657b.2i80eh2tw8odt7oo.rcgu.o
rust_ls-9d794ac47e1d657b.2yxk29r22w44ixui.rcgu.o
rust_ls-9d794ac47e1d657b.30xolussqoz50ufp.rcgu.o
rust_ls-9d794ac47e1d657b.34umd40xrxwj339n.rcgu.o
rust_ls-9d794ac47e1d657b.3b5eyy1cmzy424xg.rcgu.o
rust_ls-9d794ac47e1d657b.3g87gx9tlet312xu.rcgu.o
rust_ls-9d794ac47e1d657b.3in6jk0gbmde8fj3.rcgu.o
rust_ls-9d794ac47e1d657b.3nvhg34a4j6wfch7.rcgu.o
rust_ls-9d794ac47e1d657b.3pr8dtnvu5pgc6qp.rcgu.o
rust_ls-9d794ac47e1d657b.3uomt1qgj7mt4za6.rcgu.o
rust_ls-9d794ac47e1d657b.3vw5fzlkq4evgveq.rcgu.o
rust_ls-9d794ac47e1d657b.41coi0ro0dd7mpih.rcgu.o
rust_ls-9d794ac47e1d657b.41luypmotc7volr5.rcgu.o
rust_ls-9d794ac47e1d657b.4koi2dn2zhqrhwza.rcgu.o
rust_ls-9d794ac47e1d657b.4mx6jtuogxw26c6b.rcgu.o
rust_ls-9d794ac47e1d657b.4oqy9d1j6f1fpquv.rcgu.o
rust_ls-9d794ac47e1d657b.4uvnnq3e9q7f5ujf.rcgu.o
rust_ls-9d794ac47e1d657b.4v6tztwp7rk87grd.rcgu.o
rust_ls-9d794ac47e1d657b.4zajfancxzemqfmj.rcgu.o
rust_ls-9d794ac47e1d657b.5476vnex2yw4k2da.rcgu.o
rust_ls-9d794ac47e1d657b.57w8to70n8orhrkh.rcgu.o
rust_ls-9d794ac47e1d657b.57yhmjkcvo6u6vk8.rcgu.o
rust_ls-9d794ac47e1d657b.5dq2fz5cxwwtedva.rcgu.o
rust_ls-9d794ac47e1d657b.5dwjp20z0xix6exp.rcgu.o
rust_ls-9d794ac47e1d657b.awmchj5zxhfnozu.rcgu.o
rust_ls-9d794ac47e1d657b.bncdjqb0zby5450.rcgu.o
rust_ls-9d794ac47e1d657b.d
rust_ls-9d794ac47e1d657b.daqxzqck25eitgy.rcgu.o
rust_ls-9d794ac47e1d657b.f1810n5dn932g0a.rcgu.o
rust_ls-9d794ac47e1d657b.sdxjfd9qdbm859i.rcgu.o
rust_ls-9d794ac47e1d657b.t8mfa9wk2yks31g.rcgu.o
rust_ls-9d794ac47e1d657b.ue9l7fkal99sboz.rcgu.o
rust_ls-9d794ac47e1d657b.y5bx07pckn8i01g.rcgu.o
rust_ls-b6e46340b94c1832.d
rust_ls-d45ac5a4291425a1.d
rust_ls-d8a9e1ff85e1078b.d
rust_ls-f178c5e07e6c712a
rust_ls-f178c5e07e6c712a.10u714fnso8vrzbb.rcgu.o
rust_ls-f178c5e07e6c712a.12l7bvk0wb3ljryc.rcgu.o
rust_ls-f178c5e07e6c712a.13g8q93uywgjpwx9.rcgu.o
rust_ls-f178c5e07e6c712a.13uri1n8piipdt21.rcgu.o
rust_ls-f178c5e07e6c712a.17sx73jusrra1s1w.rcgu.o
rust_ls-f178c5e07e6c712a.18rjyksxe02e2z6n.rcgu.o
rust_ls-f178c5e07e6c712a.19jv4i93b8fpgi3v.rcgu.o
rust_ls-f178c5e07e6c712a.1iyganvw8lg7qxv.rcgu.o
rust_ls-f178c5e07e6c712a.1lv8j9bqgtsu4k72.rcgu.o
rust_ls-f178c5e07e6c712a.1p815darflke320a.rcgu.o
rust_ls-f178c5e07e6c712a.1wnph74lokkwt04r.rcgu.o
rust_ls-f178c5e07e6c712a.1zzisx5crrbb0och.rcgu.o
rust_ls-f178c5e07e6c712a.24keovrcbhiyxo47.rcgu.o
rust_ls-f178c5e07e6c712a.25o2djy2o652vbew.rcgu.o
rust_ls-f178c5e07e6c712a.2ed4qvp4j1lt9u3x.rcgu.o
rust_ls-f178c5e07e6c712a.2f9sq3kvkgloic52.rcgu.o
rust_ls-f178c5e07e6c712a.2i0x7u02809rglqi.rcgu.o
rust_ls-f178c5e07e6c712a.2ldp16yfn2s70yct.rcgu.o
rust_ls-f178c5e07e6c712a.2rae3d3oqz6k7b6r.rcgu.o
rust_ls-f178c5e07e6c712a.2stny9ssf6b0qs0o.rcgu.o
rust_ls-f178c5e07e6c712a.2tjgr8g3lj3bz8ga.rcgu.o
rust_ls-f178c5e07e6c712a.2xlkyox3z82h8gz7.rcgu.o
rust_ls-f178c5e07e6c712a.32ik2g2j7l38rqi.rcgu.o
rust_ls-f178c5e07e6c712a.33r02ne89opxqoni.rcgu.o
rust_ls-f178c5e07e6c712a.3hawoz5xrogaozff.rcgu.o
rust_ls-f178c5e07e6c712a.3m51p1hfm98x4u95.rcgu.o
rust_ls-f178c5e07e6c712a.3tdfsyjkzk7tf3dv.rcgu.o
rust_ls-f178c5e07e6c712a.4287grl7jv2tqbrf.rcgu.o
rust_ls-f178c5e07e6c712a.43usldqwmwtlcfkc.rcgu.o
rust_ls-f178c5e07e6c712a.45o4wdti4ii0epq.rcgu.o
rust_ls-f178c5e07e6c712a.4alqpapkposv1iq9.rcgu.o
rust_ls-f178c5e07e6c712a.4ecq61wy6tepfrwl.rcgu.o
rust_ls-f178c5e07e6c712a.4pu9ca6z96ms6my8.rcgu.o
rust_ls-f178c5e07e6c712a.4ykf2byrije4582r.rcgu.o
rust_ls-f178c5e07e6c712a.4yrox2nr1xl18l01.rcgu.o
rust_ls-f178c5e07e6c712a.4z2h1t34q6wnun92.rcgu.o
rust_ls-f178c5e07e6c712a.4zxfh7s7twd1te11.rcgu.o
rust_ls-f178c5e07e6c712a.5368xdexa2ehyaw4.rcgu.o
rust_ls-f178c5e07e6c712a.596z7ham7bjn5rh8.rcgu.o
rust_ls-f178c5e07e6c712a.5aasib6udkkuweqe.rcgu.o
rust_ls-f178c5e07e6c712a.5ge2frzznk4jtcek.rcgu.o
rust_ls-f178c5e07e6c712a.5ov99jmjtqtof1v.rcgu.o
rust_ls-f178c5e07e6c712a.at7mk2e543l50tq.rcgu.o
rust_ls-f178c5e07e6c712a.cmgn47v9soj4pnw.rcgu.o
rust_ls-f178c5e07e6c712a.d
rust_ls-f178c5e07e6c712a.frnzu78dvp9mqlo.rcgu.o
rust_ls-f178c5e07e6c712a.n0lux65a5byclj.rcgu.o
rust_ls-f178c5e07e6c712a.p98eltkp4gljqko.rcgu.o
rust_ls-f178c5e07e6c712a.pss2u9u6j8f6wd8.rcgu.o
rust_ls-f178c5e07e6c712a.ww4wabf9iu4x6p.rcgu.o
rust_ls-f178c5e07e6c712a.xtb78c2o99swbur.rcgu.o
rust_ls-f178c5e07e6c712a.yb05fhfne0ykty3.rcgu.o
rust_ls-faacb29819523a63.d
strsim-994749aea14a2f32.d
strsim-994749aea14a2f32.strsim.436bb31538ab5aac-cgu.0.rcgu.o
strsim-994749aea14a2f32.strsim.436bb31538ab5aac-cgu.1.rcgu.o
strsim-994749aea14a2f32.strsim.436bb31538ab5aac-cgu.2.rcgu.o
strsim-994749aea14a2f32.strsim.436bb31538ab5aac-cgu.3.rcgu.o
strsim-994749aea14a2f32.strsim.436bb31538ab5aac-cgu.4.rcgu.o
strsim-befa1d6ae1d06d6a.d
term_size-45319c565ffd1bbf.d
term_size-45319c565ffd1bbf.term_size.6f104a267b38590a-cgu.0.rcgu.o
term_size-6870b53670c0a9e2.d
termcolor-12cad62eccd69848.d
termcolor-c40a6fd076bafc14.d
termcolor-c40a6fd076bafc14.termcolor.8a44076ccde15ff2-cgu.0.rcgu.o
termcolor-c40a6fd076bafc14.termcolor.8a44076ccde15ff2-cgu.1.rcgu.o
termcolor-c40a6fd076bafc14.termcolor.8a44076ccde15ff2-cgu.2.rcgu.o
textwrap-6b46d13112920d2b.d
textwrap-eb380363cbab3d9b.d
textwrap-eb380363cbab3d9b.textwrap.6c8e6a7c34e43830-cgu.0.rcgu.o
textwrap-eb380363cbab3d9b.textwrap.6c8e6a7c34e43830-cgu.1.rcgu.o
textwrap-eb380363cbab3d9b.textwrap.6c8e6a7c34e43830-cgu.2.rcgu.o
textwrap-eb380363cbab3d9b.textwrap.6c8e6a7c34e43830-cgu.3.rcgu.o
textwrap-eb380363cbab3d9b.textwrap.6c8e6a7c34e43830-cgu.4.rcgu.o
textwrap-eb380363cbab3d9b.textwrap.6c8e6a7c34e43830-cgu.5.rcgu.o

./target/debug/examples:

./target/debug/incremental:
rust_ls-17uiaac0qpy6l
rust_ls-1nr87gd468x1r
rust_ls-2buus3qz2nexp
rust_ls-2lnrqqrntbqt4
rust_ls-2srz7acq0n50y
rust_ls-2tz1ojx3axk1x
rust_ls-31jup3q9y8rdt
rust_ls-3bk20049x71q
rust_ls-3mg4f723vf0pd
rust_ls-7ob27p539l9b
rust_ls-969zszso8l79

./target/debug/incremental/rust_ls-17uiaac0qpy6l:
s-gvdkkiqpdi-1aeyios-9odqg3gkamjevjpu0fzuxvru9
s-gvdkkiqpdi-1aeyios.lock

./target/debug/incremental/rust_ls-17uiaac0qpy6l/s-gvdkkiqpdi-1aeyios-9odqg3gkamjevjpu0fzuxvru9:
dep-graph.bin
query-cache.bin
work-products.bin

./target/debug/incremental/rust_ls-1nr87gd468x1r:
s-gvddn2ykck-1qzhrsc-7op9u371gx4quhq3gndvea519
s-gvddn2ykck-1qzhrsc.lock
s-gvddnegw7o-1kuppvk-working
s-gvddnegw7o-1kuppvk.lock

./target/debug/incremental/rust_ls-1nr87gd468x1r/s-gvddn2ykck-1qzhrsc-7op9u371gx4quhq3gndvea519:
dep-graph.bin
query-cache.bin
work-products.bin

./target/debug/incremental/rust_ls-1nr87gd468x1r/s-gvddnegw7o-1kuppvk-working:
dep-graph.bin
dep-graph.part.bin
query-cache.bin
work-products.bin

./target/debug/incremental/rust_ls-2buus3qz2nexp:
s-gvdk8ml4kc-1b3h9aa-7fbmngn8gh3hy5os1yvyururs
s-gvdk8ml4kc-1b3h9aa.lock

./target/debug/incremental/rust_ls-2buus3qz2nexp/s-gvdk8ml4kc-1b3h9aa-7fbmngn8gh3hy5os1yvyururs:
131i5x1qaukj5nqc.o
18iuzvcgwqbpk2af.o
1h2to7jlo5li86zi.o
1laez75z0ew4p76p.o
1ub62qag3c8wgfra.o
1xnyc6elljmiwksm.o
1y8igbgsc68m84ud.o
24n36dov2z8ii593.o
26xv7usv5m07glo3.o
287n6sjk5t991sda.o
2cnz5rwx5ru4zzj2.o
2dx9jsygsle2oxi6.o
2egc2io7epedtaal.o
2eoz7f7pf1h052qc.o
2nptrnpqdt281i1x.o
2ud9af4pjaft5l5s.o
2ztcb3c9wvgm7w0t.o
34ps05k3wo4ggf0e.o
34z4sqkzpjm9kf3x.o
362q2ocxew7st76j.o
393rw3rjjh7b4a43.o
39qsmmi5ni5nmsmj.o
3aaiumc6mqvc40in.o
3i3yksd374cutwd1.o
3qhwszlr8ywwwivw.o
3v1400s8mbifkjyc.o
3xjg2wusrvzemyx0.o
4152riihll36m0ye.o
44krpwvy6lrj2llb.o
454isrpsdpe7sq6h.o
46lbnl14lxce67t5.o
4dos2qijec24wgs5.o
4gek134c263t5z9f.o
4i27sjs5llr0pr91.o
4kdpegz0yzml0h54.o
4njuutfak9lbude5.o
4q3dvsjs1cloohsi.o
4su9qg01dxiaamry.o
4wjbhd2a711ytmbj.o
51fcl3di30rvqfkw.o
536av4sj69oh4qw.o
5a3zefe34xxvp1wu.o
5c1ohjft4zfe4dc9.o
5d0ihwig49yjk9g.o
5fts9rkaqbg3n2lz.o
b3xzttzx9uhyk16.o
c8puzzgrei6ufua.o
dep-graph.bin
kappe67h8b3m7px.o
ko7l7cthvlh3n55.o
query-cache.bin
work-products.bin
xfk3ibqrctrdf22.o

./target/debug/incremental/rust_ls-2lnrqqrntbqt4:
s-gvdkkk6fme-1q5cy6a-20ow1kedrqxb8pihln2u4ne5g
s-gvdkkk6fme-1q5cy6a.lock

./target/debug/incremental/rust_ls-2lnrqqrntbqt4/s-gvdkkk6fme-1q5cy6a-20ow1kedrqxb8pihln2u4ne5g:
10u714fnso8vrzbb.o
13g8q93uywgjpwx9.o
13uri1n8piipdt21.o
18rjyksxe02e2z6n.o
19jv4i93b8fpgi3v.o
1iyganvw8lg7qxv.o
1lv8j9bqgtsu4k72.o
1p815darflke320a.o
1wnph74lokkwt04r.o
1zzisx5crrbb0och.o
24keovrcbhiyxo47.o
25o2djy2o652vbew.o
2ed4qvp4j1lt9u3x.o
2f9sq3kvkgloic52.o
2ldp16yfn2s70yct.o
2rae3d3oqz6k7b6r.o
2stny9ssf6b0qs0o.o
2tjgr8g3lj3bz8ga.o
2xlkyox3z82h8gz7.o
32ik2g2j7l38rqi.o
3hawoz5xrogaozff.o
3m51p1hfm98x4u95.o
4287grl7jv2tqbrf.o
43usldqwmwtlcfkc.o
45o4wdti4ii0epq.o
4alqpapkposv1iq9.o
4ecq61wy6tepfrwl.o
4pu9ca6z96ms6my8.o
4ykf2byrije4582r.o
4yrox2nr1xl18l01.o
4z2h1t34q6wnun92.o
4zxfh7s7twd1te11.o
5368xdexa2ehyaw4.o
596z7ham7bjn5rh8.o
5aasib6udkkuweqe.o
5ge2frzznk4jtcek.o
5ov99jmjtqtof1v.o
at7mk2e543l50tq.o
cmgn47v9soj4pnw.o
dep-graph.bin
frnzu78dvp9mqlo.o
n0lux65a5byclj.o
p98eltkp4gljqko.o
pss2u9u6j8f6wd8.o
query-cache.bin
work-products.bin
ww4wabf9iu4x6p.o
xtb78c2o99swbur.o
yb05fhfne0ykty3.o

./target/debug/incremental/rust_ls-2srz7acq0n50y:
s-gvddn2ykgy-1cjdia2-afowtctn8jehthxeuv0zuuhdh
s-gvddn2ykgy-1cjdia2.lock
s-gvddnegw7z-khro7l-working
s-gvddnegw7z-khro7l.lock

./target/debug/incremental/rust_ls-2srz7acq0n50y/s-gvddn2ykgy-1cjdia2-afowtctn8jehthxeuv0zuuhdh:
dep-graph.bin
query-cache.bin
work-products.bin

./target/debug/incremental/rust_ls-2srz7acq0n50y/s-gvddnegw7z-khro7l-working:
dep-graph.bin
dep-graph.part.bin
query-cache.bin
work-products.bin

./target/debug/incremental/rust_ls-2tz1ojx3axk1x:
s-gvdkfh27ae-9o5tj7-11ncxwnwixchvm4sj18mm378b
s-gvdkfh27ae-9o5tj7.lock
s-gvdkhmuidg-13e68dv-working
s-gvdkhmuidg-13e68dv.lock
s-gvdkhpjmly-ada2xi-working
s-gvdkhpjmly-ada2xi.lock

./target/debug/incremental/rust_ls-2tz1ojx3axk1x/s-gvdkfh27ae-9o5tj7-11ncxwnwixchvm4sj18mm378b:
dep-graph.bin
query-cache.bin
work-products.bin

./target/debug/incremental/rust_ls-2tz1ojx3axk1x/s-gvdkhmuidg-13e68dv-working:
dep-graph.bin
dep-graph.part.bin
query-cache.bin
work-products.bin

./target/debug/incremental/rust_ls-2tz1ojx3axk1x/s-gvdkhpjmly-ada2xi-working:
dep-graph.bin
dep-graph.part.bin
query-cache.bin
work-products.bin

./target/debug/incremental/rust_ls-31jup3q9y8rdt:
s-gvdkfiy30y-10gh0st-9tkv5fli93peuaga9wo56arwg
s-gvdkfiy30y-10gh0st.lock

./target/debug/incremental/rust_ls-31jup3q9y8rdt/s-gvdkfiy30y-10gh0st-9tkv5fli93peuaga9wo56arwg:
13dd1w5j4vsasa16.o
14t31qmg7jocg240.o
167bt9hssdq96jun.o
17uxkp8pe49g9uj9.o
1ap2p1o9s96v6t83.o
1gcfcb9ssoqaihkr.o
1gybm57afuxil7ey.o
1ni3xzr2fh8z346f.o
1omv10lxixq5ey28.o
1s9zew37y942f066.o
1sj1gzvcos3ini2d.o
1zrisvc3dhnptq3b.o
2027gpa09wm5ou87.o
21ynr1nr5yb6u38f.o
2bvxoi2uooqe861t.o
2ejky29kah5b3eio.o
2fw1hcegyyueivys.o
2g39qewo3ntpe6oh.o
2i80eh2tw8odt7oo.o
2yxk29r22w44ixui.o
30xolussqoz50ufp.o
34umd40xrxwj339n.o
3b5eyy1cmzy424xg.o
3g87gx9tlet312xu.o
3in6jk0gbmde8fj3.o
3nvhg34a4j6wfch7.o
3pr8dtnvu5pgc6qp.o
3uomt1qgj7mt4za6.o
3vw5fzlkq4evgveq.o
41coi0ro0dd7mpih.o
41luypmotc7volr5.o
4koi2dn2zhqrhwza.o
4mx6jtuogxw26c6b.o
4oqy9d1j6f1fpquv.o
4uvnnq3e9q7f5ujf.o
4v6tztwp7rk87grd.o
4zajfancxzemqfmj.o
5476vnex2yw4k2da.o
57w8to70n8orhrkh.o
57yhmjkcvo6u6vk8.o
5dq2fz5cxwwtedva.o
5dwjp20z0xix6exp.o
awmchj5zxhfnozu.o
bncdjqb0zby5450.o
daqxzqck25eitgy.o
dep-graph.bin
f1810n5dn932g0a.o
query-cache.bin
sdxjfd9qdbm859i.o
t8mfa9wk2yks31g.o
ue9l7fkal99sboz.o
work-products.bin
y5bx07pckn8i01g.o

./target/debug/incremental/rust_ls-3bk20049x71q:
s-gvdkfh27ae-g19zqq-4un4dkubros5pno8u630kkrif
s-gvdkfh27ae-g19zqq.lock
s-gvdkhmuidg-15erhe-working
s-gvdkhmuidg-15erhe.lock
s-gvdkhpjmm9-cwcvgg-working
s-gvdkhpjmm9-cwcvgg.lock

./target/debug/incremental/rust_ls-3bk20049x71q/s-gvdkfh27ae-g19zqq-4un4dkubros5pno8u630kkrif:
dep-graph.bin
query-cache.bin
work-products.bin

./target/debug/incremental/rust_ls-3bk20049x71q/s-gvdkhmuidg-15erhe-working:
dep-graph.bin
dep-graph.part.bin
query-cache.bin
work-products.bin

./target/debug/incremental/rust_ls-3bk20049x71q/s-gvdkhpjmm9-cwcvgg-working:
dep-graph.bin
dep-graph.part.bin
query-cache.bin
work-products.bin

./target/debug/incremental/rust_ls-3mg4f723vf0pd:
s-gvdk8kp9on-1i0h6ts-2d8caog9djhxfvjqdd3ixd8ax
s-gvdk8kp9on-1i0h6ts.lock

./target/debug/incremental/rust_ls-3mg4f723vf0pd/s-gvdk8kp9on-1i0h6ts-2d8caog9djhxfvjqdd3ixd8ax:
dep-graph.bin
query-cache.bin
work-products.bin

./target/debug/incremental/rust_ls-7ob27p539l9b:
s-gvdkkiqpmi-b2jwy3-bfgcx3174q86kob0k8t488ksh
s-gvdkkiqpmi-b2jwy3.lock

./target/debug/incremental/rust_ls-7ob27p539l9b/s-gvdkkiqpmi-b2jwy3-bfgcx3174q86kob0k8t488ksh:
dep-graph.bin
query-cache.bin
work-products.bin

./target/debug/incremental/rust_ls-969zszso8l79:
s-gvdk8kp9on-v4imlu-40wsjaz3h5fs3u44aj5lac7f9
s-gvdk8kp9on-v4imlu.lock

./target/debug/incremental/rust_ls-969zszso8l79/s-gvdk8kp9on-v4imlu-40wsjaz3h5fs3u44aj5lac7f9:
dep-graph.bin
query-cache.bin
work-products.bin
